<?xml version="1.0" encoding="UTF-8"?>
<!-- Generated by org.testng.reporters.JUnitXMLReporter -->
<testsuite ignored="0" hostname="LTIN209057" failures="0" tests="4" name="Test" time="143.527" errors="0" timestamp="2024-02-28T17:46:26 IST">
  <testcase classname="test_case.TC003" name="clickenterprises" time="38.806"/>
  <testcase classname="test_case.TC003" name="clickoffer" time="33.532"/>
  <testcase classname="test_case.TC003" name="clickcourse" time="34.867"/>
  <testcase classname="test_case.TC003" name="fillForm" time="11.172"/>
</testsuite> <!-- Test -->
