<?xml version="1.0" encoding="UTF-8"?>
<!-- Generated by org.testng.reporters.JUnitXMLReporter -->
<testsuite ignored="4" hostname="LTIN209057" failures="0" tests="10" name="Test" time="488.665" errors="0" timestamp="2024-02-28T16:17:03 IST">
  <testcase classname="test_case.TC001" name="searching" time="52.723"/>
  <testcase classname="test_case.TC001" name="clicking" time="0.937"/>
  <testcase classname="test_case.TC001" name="course1" time="43.887"/>
  <testcase classname="test_case.TC001" name="course2" time="37.634"/>
  <testcase classname="test_case.TC002" name="searching" time="72.182"/>
  <testcase classname="test_case.TC002" name="getLangLvl" time="1.73"/>
  <testcase classname="test_case.TC003" name="clickenterprises" time="40.927"/>
  <testcase classname="test_case.TC003" name="clickoffer" time="34.092"/>
  <testcase classname="test_case.TC003" name="clickcourse" time="74.294"/>
  <testcase classname="test_case.TC003" name="fillForm" time="11.224"/>
  <testcase classname="test_base.BaseClass" name="@BeforeTest getDriver" time="0.0">
    <ignored/>
  </testcase> <!-- @BeforeTest getDriver -->
  <testcase classname="test_base.BaseClass" name="@AfterTest tearDown" time="0.0">
    <ignored/>
  </testcase> <!-- @AfterTest tearDown -->
  <testcase classname="test_base.BaseClass" name="@AfterTest tearDown" time="0.0">
    <ignored/>
  </testcase> <!-- @AfterTest tearDown -->
  <testcase classname="test_base.BaseClass" name="@BeforeTest getDriver" time="0.0">
    <ignored/>
  </testcase> <!-- @BeforeTest getDriver -->
</testsuite> <!-- Test -->
